*** Creating network
*** Adding controller
*** Adding hosts:
h0 h1 h2 h3 h4 h5 h6 h7 h8 h9 
*** Adding switches:
s0 s1 s2 s3 s4 s5 s6 s7 s8 s9 
*** Adding links:
(h0, s0) (h1, s1) (h2, s2) (h3, s3) (h4, s4) (h5, s5) (h6, s6) (h7, s7) (h8, s8) (h9, s9) (s0, s1) (s0, s2) (s0, s8) (s0, s9) (s1, s2) (s1, s3) (s1, s4) (s1, s9) (s2, s6) (s2, s7) (s3, s7) (s3, s8) (s3, s9) (s4, s6) (s4, s7) (s4, s8) (s5, s8) (s5, s9) (s7, s8) (s7, s9) 
*** Configuring hosts
h0 h1 h2 h3 h4 h5 h6 h7 h8 h9 
*** Starting controller
c0 
*** Starting 10 switches
s0 s1 s2 s3 s4 s5 s6 s7 s8 s9 ...
*** Waiting for switches to connect
s0 s1 s2 s3 s4 s5 s6 s7 s8 s9 
h0 h0-eth0:s0-eth1
h1 h1-eth0:s1-eth1
h2 h2-eth0:s2-eth1
h3 h3-eth0:s3-eth1
h4 h4-eth0:s4-eth1
h5 h5-eth0:s5-eth1
h6 h6-eth0:s6-eth1
h7 h7-eth0:s7-eth1
h8 h8-eth0:s8-eth1
h9 h9-eth0:s9-eth1
*** Ping: testing ping reachability
h0 -> X X X X X X X X h9 
h1 -> h0 h2 h3 h4 h5 h6 h7 h8 h9 
h2 -> h0 h1 h3 h4 h5 h6 h7 h8 h9 
h3 -> h0 h1 h2 h4 h5 h6 h7 h8 h9 
h4 -> h0 h1 h2 h3 h5 h6 h7 h8 h9 
h5 -> h0 h1 h2 h3 h4 h6 h7 h8 h9 
h6 -> h0 h1 h2 h3 h4 h5 h7 h8 h9 
h7 -> h0 h1 h2 h3 h4 h5 h6 h8 h9 
h8 -> h0 h1 h2 h3 h4 h5 h6 h7 h9 
h9 -> h0 h1 h2 h3 h4 h5 h6 h7 h8 
*** Results: 8% dropped (82/90 received)
*** Ping: testing ping reachability
h0 -> h1 h2 h3 h4 h5 h6 h7 h8 h9 
h1 -> h0 h2 h3 h4 h5 h6 h7 h8 h9 
h2 -> h0 h1 h3 h4 h5 h6 h7 h8 h9 
h3 -> h0 h1 h2 h4 h5 h6 h7 h8 h9 
h4 -> h0 h1 h2 h3 h5 h6 h7 h8 h9 
h5 -> h0 h1 h2 h3 h4 h6 h7 h8 h9 
h6 -> h0 h1 h2 h3 h4 h5 h7 h8 h9 
h7 -> h0 h1 h2 h3 h4 h5 h6 h8 h9 
h8 -> h0 h1 h2 h3 h4 h5 h6 h7 h9 
h9 -> h0 h1 h2 h3 h4 h5 h6 h7 h8 
*** Results: 0% dropped (90/90 received)
*** Stopping 1 controllers
c0 
*** Stopping 30 links
..............................
*** Stopping 10 switches
s0 s1 s2 s3 s4 s5 s6 s7 s8 s9 
*** Stopping 10 hosts
h0 h1 h2 h3 h4 h5 h6 h7 h8 h9 
*** Done
Arquivo topologia:  rede-complexa.txt
Carregando topologia
Criar rede
Configurando s0 com protocolo STP
Configurando s1 com protocolo STP
Configurando s2 com protocolo STP
Configurando s3 com protocolo STP
Configurando s4 com protocolo STP
Configurando s5 com protocolo STP
Configurando s6 com protocolo STP
Configurando s7 com protocolo STP
Configurando s8 com protocolo STP
Configurando s9 com protocolo STP
Dumping host connections
Testing network connectivity
Try new network connectivity test
===========================
All Network Nodes Connected
===========================
