*** Creating network
*** Adding controller
*** Adding hosts:
h0 h1 h2 h3 h4 h5 h6 h7 h8 h9 h10 h11 h12 h13 h14 h15 
*** Adding switches:
s0 s1 s2 s3 s4 s5 s6 s7 s8 s9 s10 s11 s12 s13 s14 s15 
*** Adding links:
(h0, s0) (h1, s1) (h2, s2) (h3, s3) (h4, s4) (h5, s5) (h6, s6) (h7, s7) (h8, s8) (h9, s9) (h10, s10) (h11, s11) (h12, s12) (h13, s13) (h14, s14) (h15, s15) (s0, s1) (s0, s3) (s0, s4) (s0, s8) (s1, s2) (s1, s5) (s1, s9) (s2, s3) (s2, s6) (s2, s10) (s3, s7) (s3, s11) (s4, s5) (s4, s7) (s4, s12) (s5, s6) (s5, s13) (s6, s7) (s6, s14) (s7, s15) (s8, s9) (s8, s11) (s8, s12) (s9, s10) (s9, s13) (s10, s11) (s10, s14) (s11, s15) (s12, s13) (s12, s15) (s13, s14) (s14, s15) 
*** Configuring hosts
h0 h1 h2 h3 h4 h5 h6 h7 h8 h9 h10 h11 h12 h13 h14 h15 
*** Starting controller
c0 
*** Starting 16 switches
s0 s1 s2 s3 s4 s5 s6 s7 s8 s9 s10 s11 s12 s13 s14 s15 ...
*** Waiting for switches to connect
s0 s1 s2 s3 s4 s5 s6 s7 s8 s9 s10 s11 s12 s13 s14 s15 
h0 h0-eth0:s0-eth1
h1 h1-eth0:s1-eth1
h2 h2-eth0:s2-eth1
h3 h3-eth0:s3-eth1
h4 h4-eth0:s4-eth1
h5 h5-eth0:s5-eth1
h6 h6-eth0:s6-eth1
h7 h7-eth0:s7-eth1
h8 h8-eth0:s8-eth1
h9 h9-eth0:s9-eth1
h10 h10-eth0:s10-eth1
h11 h11-eth0:s11-eth1
h12 h12-eth0:s12-eth1
h13 h13-eth0:s13-eth1
h14 h14-eth0:s14-eth1
h15 h15-eth0:s15-eth1
*** Ping: testing ping reachability
h0 -> X X X X X X X X X h10 h11 h12 h13 h14 h15 
h1 -> h0 h2 h3 h4 h5 h6 h7 h8 h9 h10 h11 h12 h13 h14 h15 
h2 -> h0 h1 h3 h4 h5 h6 h7 h8 h9 h10 h11 h12 h13 h14 h15 
h3 -> h0 h1 h2 h4 h5 h6 h7 h8 h9 h10 h11 h12 h13 h14 h15 
h4 -> h0 h1 h2 h3 h5 h6 h7 h8 h9 h10 h11 h12 h13 h14 h15 
h5 -> h0 h1 h2 h3 h4 h6 h7 h8 h9 h10 h11 h12 h13 h14 h15 
h6 -> h0 h1 h2 h3 h4 h5 h7 h8 h9 h10 h11 h12 h13 h14 h15 
h7 -> h0 h1 h2 h3 h4 h5 h6 h8 h9 h10 h11 h12 h13 h14 h15 
h8 -> h0 h1 h2 h3 h4 h5 h6 h7 h9 h10 h11 h12 h13 h14 h15 
h9 -> h0 h1 h2 h3 h4 h5 h6 h7 h8 h10 h11 h12 h13 h14 h15 
h10 -> h0 h1 h2 h3 h4 h5 h6 h7 h8 h9 h11 h12 h13 h14 h15 
h11 -> h0 h1 h2 h3 h4 h5 h6 h7 h8 h9 h10 h12 h13 h14 h15 
h12 -> h0 h1 h2 h3 h4 h5 h6 h7 h8 h9 h10 h11 h13 h14 h15 
h13 -> h0 h1 h2 h3 h4 h5 h6 h7 h8 h9 h10 h11 h12 h14 h15 
h14 -> h0 h1 h2 h3 h4 h5 h6 h7 h8 h9 h10 h11 h12 h13 h15 
h15 -> h0 h1 h2 h3 h4 h5 h6 h7 h8 h9 h10 h11 h12 h13 h14 
*** Results: 3% dropped (231/240 received)
*** Ping: testing ping reachability
h0 -> h1 h2 h3 h4 h5 h6 h7 h8 h9 h10 h11 h12 h13 h14 h15 
h1 -> h0 h2 h3 h4 h5 h6 h7 h8 h9 h10 h11 h12 h13 h14 h15 
h2 -> h0 h1 h3 h4 h5 h6 h7 h8 h9 h10 h11 h12 h13 h14 h15 
h3 -> h0 h1 h2 h4 h5 h6 h7 h8 h9 h10 h11 h12 h13 h14 h15 
h4 -> h0 h1 h2 h3 h5 h6 h7 h8 h9 h10 h11 h12 h13 h14 h15 
h5 -> h0 h1 h2 h3 h4 h6 h7 h8 h9 h10 h11 h12 h13 h14 h15 
h6 -> h0 h1 h2 h3 h4 h5 h7 h8 h9 h10 h11 h12 h13 h14 h15 
h7 -> h0 h1 h2 h3 h4 h5 h6 h8 h9 h10 h11 h12 h13 h14 h15 
h8 -> h0 h1 h2 h3 h4 h5 h6 h7 h9 h10 h11 h12 h13 h14 h15 
h9 -> h0 h1 h2 h3 h4 h5 h6 h7 h8 h10 h11 h12 h13 h14 h15 
h10 -> h0 h1 h2 h3 h4 h5 h6 h7 h8 h9 h11 h12 h13 h14 h15 
h11 -> h0 h1 h2 h3 h4 h5 h6 h7 h8 h9 h10 h12 h13 h14 h15 
h12 -> h0 h1 h2 h3 h4 h5 h6 h7 h8 h9 h10 h11 h13 h14 h15 
h13 -> h0 h1 h2 h3 h4 h5 h6 h7 h8 h9 h10 h11 h12 h14 h15 
h14 -> h0 h1 h2 h3 h4 h5 h6 h7 h8 h9 h10 h11 h12 h13 h15 
h15 -> h0 h1 h2 h3 h4 h5 h6 h7 h8 h9 h10 h11 h12 h13 h14 
*** Results: 0% dropped (240/240 received)
*** Stopping 1 controllers
c0 
*** Stopping 48 links
................................................
*** Stopping 16 switches
s0 s1 s2 s3 s4 s5 s6 s7 s8 s9 s10 s11 s12 s13 s14 s15 
*** Stopping 16 hosts
h0 h1 h2 h3 h4 h5 h6 h7 h8 h9 h10 h11 h12 h13 h14 h15 
*** Done
Arquivo topologia:  Exemplos/rede-hipercubo.txt
Carregando topologia
Criar rede
Configurando s0 com protocolo STP
Configurando s1 com protocolo STP
Configurando s2 com protocolo STP
Configurando s3 com protocolo STP
Configurando s4 com protocolo STP
Configurando s5 com protocolo STP
Configurando s6 com protocolo STP
Configurando s7 com protocolo STP
Configurando s8 com protocolo STP
Configurando s9 com protocolo STP
Configurando s10 com protocolo STP
Configurando s11 com protocolo STP
Configurando s12 com protocolo STP
Configurando s13 com protocolo STP
Configurando s14 com protocolo STP
Configurando s15 com protocolo STP
Dumping host connections
Testing network connectivity
Try new network connectivity test
===========================
All Network Nodes Connected
===========================
